<?xml version="1.0" encoding="UTF-8"?>
<testsuite name="Model.OutputResponseTest" tests="6" skipped="0" failures="0" errors="0" timestamp="2026-02-14T17:47:16" hostname="2MQ5111W0X" time="0.016">
  <properties/>
  <testcase name="payload_PuedeSerMapaVacio()" classname="Model.OutputResponseTest" time="0.003"/>
  <testcase name="modificarMapa_ReflejaCambios()" classname="Model.OutputResponseTest" time="0.001"/>
  <testcase name="getterYSetter_Payload()" classname="Model.OutputResponseTest" time="0.001"/>
  <testcase name="getterYSetter_Mensaje()" classname="Model.OutputResponseTest" time="0.002"/>
  <testcase name="mensaje_PuedeSerNulo()" classname="Model.OutputResponseTest" time="0.001"/>
  <testcase name="payload_PuedeSerNulo()" classname="Model.OutputResponseTest" time="0.001"/>
  <system-out><![CDATA[]]></system-out>
  <system-err><![CDATA[]]></system-err>
</testsuite>
