<?xml version="1.0" encoding="UTF-8"?>
<testsuite name="helloworld.RPATranslatorLambdaTest" tests="1" skipped="0" failures="1" errors="0" timestamp="2026-02-12T02:14:21" hostname="JOHAN" time="0.565">
  <properties/>
  <testcase name="handleRequest" classname="helloworld.RPATranslatorLambdaTest" time="0.565">
    <failure message="java.lang.RuntimeException: java.lang.RuntimeException: java.lang.NullPointerException: Cannot invoke &quot;String.length()&quot; because &quot;s&quot; is null" type="java.lang.RuntimeException">java.lang.RuntimeException: java.lang.RuntimeException: java.lang.NullPointerException: Cannot invoke &quot;String.length()&quot; because &quot;s&quot; is null
	at helloworld.RPATranslatorLambda.handleRequest(RPATranslatorLambda.java:64)
	at helloworld.RPATranslatorLambdaTest.handleRequest(RPATranslatorLambdaTest.java:61)
	at java.base/jdk.internal.reflect.DirectMethodHandleAccessor.invoke(DirectMethodHandleAccessor.java:104)
	at java.base/java.lang.reflect.Method.invoke(Method.java:578)
	at org.junit.runners.model.FrameworkMethod$1.runReflectiveCall(FrameworkMethod.java:59)
	at org.junit.internal.runners.model.ReflectiveCallable.run(ReflectiveCallable.java:12)
	at org.junit.runners.model.FrameworkMethod.invokeExplosively(FrameworkMethod.java:56)
	at org.junit.internal.runners.statements.InvokeMethod.evaluate(InvokeMethod.java:17)
	at org.junit.runners.ParentRunner$3.evaluate(ParentRunner.java:306)
	at org.junit.runners.BlockJUnit4ClassRunner$1.evaluate(BlockJUnit4ClassRunner.java:100)
	at org.junit.runners.ParentRunner.runLeaf(ParentRunner.java:366)
	at org.junit.runners.BlockJUnit4ClassRunner.runChild(BlockJUnit4ClassRunner.java:103)
	at org.junit.runners.BlockJUnit4ClassRunner.runChild(BlockJUnit4ClassRunner.java:63)
	at org.junit.runners.ParentRunner$4.run(ParentRunner.java:331)
	at org.junit.runners.ParentRunner$1.schedule(ParentRunner.java:79)
	at org.junit.runners.ParentRunner.runChildren(ParentRunner.java:329)
	at org.junit.runners.ParentRunner.access$100(ParentRunner.java:66)
	at org.junit.runners.ParentRunner$2.evaluate(ParentRunner.java:293)
	at org.junit.runners.ParentRunner$3.evaluate(ParentRunner.java:306)
	at org.junit.runners.ParentRunner.run(ParentRunner.java:413)
	at org.gradle.api.internal.tasks.testing.junit.JUnitTestClassExecutor.runTestClass(JUnitTestClassExecutor.java:112)
	at org.gradle.api.internal.tasks.testing.junit.JUnitTestClassExecutor.execute(JUnitTestClassExecutor.java:58)
	at org.gradle.api.internal.tasks.testing.junit.JUnitTestClassExecutor.execute(JUnitTestClassExecutor.java:40)
	at org.gradle.api.internal.tasks.testing.junit.AbstractJUnitTestClassProcessor.processTestClass(AbstractJUnitTestClassProcessor.java:60)
	at org.gradle.api.internal.tasks.testing.SuiteTestClassProcessor.processTestClass(SuiteTestClassProcessor.java:52)
	at java.base/jdk.internal.reflect.DirectMethodHandleAccessor.invoke(DirectMethodHandleAccessor.java:104)
	at java.base/java.lang.reflect.Method.invoke(Method.java:578)
	at org.gradle.internal.dispatch.ReflectionDispatch.dispatch(ReflectionDispatch.java:36)
	at org.gradle.internal.dispatch.ReflectionDispatch.dispatch(ReflectionDispatch.java:24)
	at org.gradle.internal.dispatch.ContextClassLoaderDispatch.dispatch(ContextClassLoaderDispatch.java:33)
	at org.gradle.internal.dispatch.ProxyDispatchAdapter$DispatchingInvocationHandler.invoke(ProxyDispatchAdapter.java:94)
	at jdk.proxy2/jdk.proxy2.$Proxy5.processTestClass(Unknown Source)
	at org.gradle.api.internal.tasks.testing.worker.TestWorker$2.run(TestWorker.java:176)
	at org.gradle.api.internal.tasks.testing.worker.TestWorker.executeAndMaintainThreadName(TestWorker.java:129)
	at org.gradle.api.internal.tasks.testing.worker.TestWorker.execute(TestWorker.java:100)
	at org.gradle.api.internal.tasks.testing.worker.TestWorker.execute(TestWorker.java:60)
	at org.gradle.process.internal.worker.child.ActionExecutionWorker.execute(ActionExecutionWorker.java:56)
	at org.gradle.process.internal.worker.child.SystemApplicationClassLoaderWorker.call(SystemApplicationClassLoaderWorker.java:113)
	at org.gradle.process.internal.worker.child.SystemApplicationClassLoaderWorker.call(SystemApplicationClassLoaderWorker.java:65)
	at worker.org.gradle.process.internal.worker.GradleWorkerMain.run(GradleWorkerMain.java:69)
	at worker.org.gradle.process.internal.worker.GradleWorkerMain.main(GradleWorkerMain.java:74)
Caused by: java.lang.RuntimeException: java.lang.NullPointerException: Cannot invoke &quot;String.length()&quot; because &quot;s&quot; is null
	at helloworld.RPATranslatorLambda.processEventSafe(RPATranslatorLambda.java:89)
	at helloworld.RPATranslatorLambda.handleRequest(RPATranslatorLambda.java:53)
	... 40 more
Caused by: java.lang.NullPointerException: Cannot invoke &quot;String.length()&quot; because &quot;s&quot; is null
	at java.base/java.net.URLEncoder.encode(URLEncoder.java:227)
	at helloworld.RPATranslatorLambda.processEvent(RPATranslatorLambda.java:166)
	at helloworld.RPATranslatorLambda.processEventSafe(RPATranslatorLambda.java:84)
	... 41 more
</failure>
  </testcase>
  <system-out><![CDATA[]]>&#x1f50d;<![CDATA[ TEST LOG: Evento raw: {"id":"a929552a-0910-4fbe-ab2a-589170aeea49","idTrazabilidad":"Número caso Salesforce","nombre":"RPA","evento":{"id":"evt-001","idTrazabilidad":"trace-001","nombre":"EventoRPA","aplicacionEmisora":{"idAplicacionEmisora":"RPA","nombreAplicacionEmisora":"RPACIN","idTransaccionEmisora":"xx","fechaTransaccion":"2017-07-21T13:05:00"},"payload":{"process":"Historia-Laboral","idUsuario":"RPA","TipoIdCliente":"CC","NumeroIdCliente":"123456","idSesion":"abc-123","idSolicitud":"SF-001","tipo":"tema sin apellido","subTipo":"detalle sin apellido","adjuntos":[{"id":"adjunto6_page_02","objectId":"obj-001","nombreArchivo":"adjunto6_page_02.pdf","numeroPagina":1}]}}}

]]>&#x1f50d;<![CDATA[ TEST LOG: No Records → JSON directo

]]>&#x1f50d;<![CDATA[ TEST LOG: Evento recibido: EventoRPA, ID: evt-001

]]>&#x1f50d;<![CDATA[ TEST LOG: ❌ Error procesando evento de negocio: Cannot invoke "String.length()" because "s" is null

]]>&#x1f50d;<![CDATA[ TEST LOG: ❌ CRÍTICO: java.lang.NullPointerException: Cannot invoke "String.length()" because "s" is null

]]></system-out>
  <system-err><![CDATA[]]></system-err>
</testsuite>
