<?xml version="1.0" encoding="UTF-8"?>
<testsuite name="helloworld.RPATranslatorLambdaTest" tests="1" skipped="0" failures="1" errors="0" timestamp="2026-02-12T02:39:32" hostname="JOHAN" time="0.543">
  <properties/>
  <testcase name="handleRequest" classname="helloworld.RPATranslatorLambdaTest" time="0.543">
    <failure message="java.lang.RuntimeException: java.lang.RuntimeException: java.lang.NullPointerException: Cannot invoke &quot;String.length()&quot; because &quot;s&quot; is null" type="java.lang.RuntimeException">java.lang.RuntimeException: java.lang.RuntimeException: java.lang.NullPointerException: Cannot invoke &quot;String.length()&quot; because &quot;s&quot; is null
	at helloworld.RPATranslatorLambda.handleRequest(RPATranslatorLambda.java:64)
	at helloworld.RPATranslatorLambdaTest.handleRequest(RPATranslatorLambdaTest.java:73)
	at java.base/jdk.internal.reflect.DirectMethodHandleAccessor.invoke(DirectMethodHandleAccessor.java:104)
	at java.base/java.lang.reflect.Method.invoke(Method.java:578)
	at org.junit.runners.model.FrameworkMethod$1.runReflectiveCall(FrameworkMethod.java:59)
	at org.junit.internal.runners.model.ReflectiveCallable.run(ReflectiveCallable.java:12)
	at org.junit.runners.model.FrameworkMethod.invokeExplosively(FrameworkMethod.java:56)
	at org.junit.internal.runners.statements.InvokeMethod.evaluate(InvokeMethod.java:17)
	at org.junit.runners.ParentRunner$3.evaluate(ParentRunner.java:306)
	at org.junit.runners.BlockJUnit4ClassRunner$1.evaluate(BlockJUnit4ClassRunner.java:100)
	at org.junit.runners.ParentRunner.runLeaf(ParentRunner.java:366)
	at org.junit.runners.BlockJUnit4ClassRunner.runChild(BlockJUnit4ClassRunner.java:103)
	at org.junit.runners.BlockJUnit4ClassRunner.runChild(BlockJUnit4ClassRunner.java:63)
	at org.junit.runners.ParentRunner$4.run(ParentRunner.java:331)
	at org.junit.runners.ParentRunner$1.schedule(ParentRunner.java:79)
	at org.junit.runners.ParentRunner.runChildren(ParentRunner.java:329)
	at org.junit.runners.ParentRunner.access$100(ParentRunner.java:66)
	at org.junit.runners.ParentRunner$2.evaluate(ParentRunner.java:293)
	at org.junit.runners.ParentRunner$3.evaluate(ParentRunner.java:306)
	at org.junit.runners.ParentRunner.run(ParentRunner.java:413)
	at org.gradle.api.internal.tasks.testing.junit.JUnitTestClassExecutor.runTestClass(JUnitTestClassExecutor.java:112)
	at org.gradle.api.internal.tasks.testing.junit.JUnitTestClassExecutor.execute(JUnitTestClassExecutor.java:58)
	at org.gradle.api.internal.tasks.testing.junit.JUnitTestClassExecutor.execute(JUnitTestClassExecutor.java:40)
	at org.gradle.api.internal.tasks.testing.junit.AbstractJUnitTestClassProcessor.processTestClass(AbstractJUnitTestClassProcessor.java:60)
	at org.gradle.api.internal.tasks.testing.SuiteTestClassProcessor.processTestClass(SuiteTestClassProcessor.java:52)
	at java.base/jdk.internal.reflect.DirectMethodHandleAccessor.invoke(DirectMethodHandleAccessor.java:104)
	at java.base/java.lang.reflect.Method.invoke(Method.java:578)
	at org.gradle.internal.dispatch.ReflectionDispatch.dispatch(ReflectionDispatch.java:36)
	at org.gradle.internal.dispatch.ReflectionDispatch.dispatch(ReflectionDispatch.java:24)
	at org.gradle.internal.dispatch.ContextClassLoaderDispatch.dispatch(ContextClassLoaderDispatch.java:33)
	at org.gradle.internal.dispatch.ProxyDispatchAdapter$DispatchingInvocationHandler.invoke(ProxyDispatchAdapter.java:94)
	at jdk.proxy2/jdk.proxy2.$Proxy5.processTestClass(Unknown Source)
	at org.gradle.api.internal.tasks.testing.worker.TestWorker$2.run(TestWorker.java:176)
	at org.gradle.api.internal.tasks.testing.worker.TestWorker.executeAndMaintainThreadName(TestWorker.java:129)
	at org.gradle.api.internal.tasks.testing.worker.TestWorker.execute(TestWorker.java:100)
	at org.gradle.api.internal.tasks.testing.worker.TestWorker.execute(TestWorker.java:60)
	at org.gradle.process.internal.worker.child.ActionExecutionWorker.execute(ActionExecutionWorker.java:56)
	at org.gradle.process.internal.worker.child.SystemApplicationClassLoaderWorker.call(SystemApplicationClassLoaderWorker.java:113)
	at org.gradle.process.internal.worker.child.SystemApplicationClassLoaderWorker.call(SystemApplicationClassLoaderWorker.java:65)
	at worker.org.gradle.process.internal.worker.GradleWorkerMain.run(GradleWorkerMain.java:69)
	at worker.org.gradle.process.internal.worker.GradleWorkerMain.main(GradleWorkerMain.java:74)
Caused by: java.lang.RuntimeException: java.lang.NullPointerException: Cannot invoke &quot;String.length()&quot; because &quot;s&quot; is null
	at helloworld.RPATranslatorLambda.processEventSafe(RPATranslatorLambda.java:89)
	at helloworld.RPATranslatorLambda.handleRequest(RPATranslatorLambda.java:53)
	... 40 more
Caused by: java.lang.NullPointerException: Cannot invoke &quot;String.length()&quot; because &quot;s&quot; is null
	at java.base/java.net.URLEncoder.encode(URLEncoder.java:227)
	at helloworld.RPATranslatorLambda.processEvent(RPATranslatorLambda.java:154)
	at helloworld.RPATranslatorLambda.processEventSafe(RPATranslatorLambda.java:85)
	... 41 more
</failure>
  </testcase>
  <system-out><![CDATA[]]>&#x1f50d;<![CDATA[ TEST LOG: Evento raw: {"comando":{"id":"a929552a-0910-4fbe-ab2a-589170aeea49","idTrazabilidad":"Número caso Salesforce","nombre":"    ","version":"1.0","aplicacionEmisora":{"idAplicacionEmisora":"RPA","nombreAplicacionEmisora":"RPACIN","idTransaccionEmisora":"xx","fechaTransaccion":"2017-07-21T13:05:00"},"usuario":{"dni":"xx","ip":"xx","nombre":"xx","canal":"xx","telefono":"xx","idSession":"xx"},"dni":{"tipoIdentificacion":"xx","identificacion":"xx"},"timestamp":1524154582758,"payload":{"process":"Historia-Laboral","idUsuario":"RPA","TipoIdCliente":"TipoIdCliente","NumeroIdCliente":"NumeroIdCliente","idSesion":"generar id unico de evento consecutivo","idSolicitud":"Numero caso salesforce","descripcion":"Bogotá, Señores PROTEGCION Fensíones y cesantías En calidad de representación de la Emprem PROCESADORA MADERERA DE COLOMBIA SAS. Con Nit 900176845-7 me dirijo a ustedee para solicitar la modificación de cargue de la novedad registrada de retiro de los trabajadores: 1. QDGARDO CRUZ identificado con CC11.448.341 de FACATATIVA, quien tiene un ingreso a partir de 10 de febrero de 2ü17 y con fecha final de 27 de septiembre de ?017, elcualse efectuó el retiro, pero no sabemos por qué no se visualizé en la planilla por ese motivo se adjuntan, pagó de la última planilla y los retiros de las otras entidades y la respectiva renuncia y liquidacién del trahajador. 2. ANGIE PAOLA RIVERA ACOSTA identificada con CC 1024§24507 de BOGOTA D.C, quien tiene un ingreso de 21 septiembre de 2016 y una final de 30 julio de 2A17, adjunto ultima planilla de pago y con su respectiva novedad de retiro, también se adjunta su liquidación y retiro de las otras entidades. Esperamos que los documentos enviados puedan aclarar loe motivos por lo cual no se realizaron los pagos de los periodos en cuestión de los trabajadores.","tipo":"tema sin apellido","subTipo":"detalle sin apellido","adjuntos":[{"id":"adjunto6_page_02","objectId":"obj-001","nombreArchivo":"adjunto6_page_02.pdf","numeroPagina":1}]}}}

]]>&#x1f50d;<![CDATA[ TEST LOG: No Records → JSON directo

]]>&#x1f50d;<![CDATA[ TEST LOG: Evento recibido:     , ID: a929552a-0910-4fbe-ab2a-589170aeea49

]]>&#x1f50d;<![CDATA[ TEST LOG: Payload recibido: {"process":"Historia-Laboral","idUsuario":"RPA","TipoIdCliente":"TipoIdCliente","NumeroIdCliente":"NumeroIdCliente","idSesion":"generar id unico de evento consecutivo","idSolicitud":"Numero caso salesforce","descripcion":"Bogotá, Señores PROTEGCION Fensíones y cesantías En calidad de representación de la Emprem PROCESADORA MADERERA DE COLOMBIA SAS. Con Nit 900176845-7 me dirijo a ustedee para solicitar la modificación de cargue de la novedad registrada de retiro de los trabajadores: 1. QDGARDO CRUZ identificado con CC11.448.341 de FACATATIVA, quien tiene un ingreso a partir de 10 de febrero de 2ü17 y con fecha final de 27 de septiembre de ?017, elcualse efectuó el retiro, pero no sabemos por qué no se visualizé en la planilla por ese motivo se adjuntan, pagó de la última planilla y los retiros de las otras entidades y la respectiva renuncia y liquidacién del trahajador. 2. ANGIE PAOLA RIVERA ACOSTA identificada con CC 1024§24507 de BOGOTA D.C, quien tiene un ingreso de 21 septiembre de 2016 y una final de 30 julio de 2A17, adjunto ultima planilla de pago y con su respectiva novedad de retiro, también se adjunta su liquidación y retiro de las otras entidades. Esperamos que los documentos enviados puedan aclarar loe motivos por lo cual no se realizaron los pagos de los periodos en cuestión de los trabajadores.","tipo":"tema sin apellido","subTipo":"detalle sin apellido","adjuntos":[{"id":"adjunto6_page_02","objectId":"obj-001","nombreArchivo":"adjunto6_page_02.pdf","numeroPagina":1}]}

]]>&#x1f50d;<![CDATA[ TEST LOG: ❌ Error procesando evento de negocio: Cannot invoke "String.length()" because "s" is null

]]>&#x1f50d;<![CDATA[ TEST LOG: ❌ CRÍTICO: java.lang.NullPointerException: Cannot invoke "String.length()" because "s" is null

]]></system-out>
  <system-err><![CDATA[]]></system-err>
</testsuite>
