<?xml version="1.0" encoding="UTF-8"?>
<testsuite name="helloworld.RPATranslatorLambdaTest" tests="1" skipped="0" failures="0" errors="0" timestamp="2026-02-12T14:04:36" hostname="2MQ5111W0X" time="1.018">
  <properties/>
  <testcase name="handleRequest" classname="helloworld.RPATranslatorLambdaTest" time="1.018"/>
  <system-out><![CDATA[]]>&#x1f50d;<![CDATA[ TEST LOG: Evento raw: {"id":"a929552a-0910-4fbe-ab2a-589170aeea49","idTrazabilidad":"Número caso Salesforce","nombre":"RPA","evento":{"id":"evt-001","idTrazabilidad":"trace-001","nombre":"EventoRPA","aplicacionEmisora":{"idAplicacionEmisora":"RPA","nombreAplicacionEmisora":"RPACIN","idTransaccionEmisora":"xx","fechaTransaccion":"2017-07-21T13:05:00"},"payload":{"process":"Historia-Laboral","idUsuario":"RPA","TipoIdCliente":"CC","NumeroIdCliente":"123456","idSesion":"abc-123","idSolicitud":"SF-001","tipo":"tema sin apellido","subTipo":"detalle sin apellido","adjuntos":[{"id":"adjunto6_page_02","objectId":"obj-001","nombreArchivo":"adjunto6_page_02.pdf","numeroPagina":1}]}}}

]]>&#x1f50d;<![CDATA[ TEST LOG: No Records → JSON directo

]]>&#x1f50d;<![CDATA[ TEST LOG: Error: el input o el comando es nulo.
]]>&#x1f50d;<![CDATA[ TEST LOG: ✅ Evento procesado correctamente

]]></system-out>
  <system-err><![CDATA[]]></system-err>
</testsuite>
